{"level":"info","message":"Connecting to MongoDB...","service":"consultora-idiomas","timestamp":"2025-11-20 15:50:58"}
{"level":"info","message":"MongoDB connected successfully","service":"consultora-idiomas","timestamp":"2025-11-20 15:50:59"}
{"level":"info","message":"Connecting to MongoDB...","service":"consultora-idiomas","timestamp":"2025-11-20 15:51:05"}
{"level":"info","message":"MongoDB connected successfully","service":"consultora-idiomas","timestamp":"2025-11-20 15:51:06"}
{"level":"info","message":"Server running on port 5000","service":"consultora-idiomas","timestamp":"2025-11-20 15:51:06"}
{"level":"info","message":"Environment: development","service":"consultora-idiomas","timestamp":"2025-11-20 15:51:06"}
{"level":"info","message":"API URL: http://localhost:5000","service":"consultora-idiomas","timestamp":"2025-11-20 15:51:06"}
{"level":"info","message":"Auth endpoints: http://localhost:5000/api/auth","service":"consultora-idiomas","timestamp":"2025-11-20 15:51:06"}
{"level":"info","message":"Dashboard endpoints: http://localhost:5000/api/dashboard","service":"consultora-idiomas","timestamp":"2025-11-20 15:51:06"}
{"level":"info","message":"Auditoría endpoints: http://localhost:5000/api/auditoria","service":"consultora-idiomas","timestamp":"2025-11-20 15:51:06"}
{"level":"info","message":"Cursos endpoints: http://localhost:5000/api/cursos","service":"consultora-idiomas","timestamp":"2025-11-20 15:51:06"}
{"level":"info","message":"Clases endpoints: http://localhost:5000/api/clases","service":"consultora-idiomas","timestamp":"2025-11-20 15:51:06"}
{"level":"info","message":"Financial endpoints: http://localhost:5000/api/cobros","service":"consultora-idiomas","timestamp":"2025-11-20 15:51:06"}
{"level":"info","message":"Connecting to MongoDB...","service":"consultora-idiomas","timestamp":"2025-11-20 15:51:09"}
{"level":"info","message":"MongoDB connected successfully","service":"consultora-idiomas","timestamp":"2025-11-20 15:51:10"}
{"level":"info","message":"Server running on port 5000","service":"consultora-idiomas","timestamp":"2025-11-20 15:51:10"}
{"level":"info","message":"Environment: development","service":"consultora-idiomas","timestamp":"2025-11-20 15:51:10"}
{"level":"info","message":"API URL: http://localhost:5000","service":"consultora-idiomas","timestamp":"2025-11-20 15:51:10"}
{"level":"info","message":"Auth endpoints: http://localhost:5000/api/auth","service":"consultora-idiomas","timestamp":"2025-11-20 15:51:10"}
{"level":"info","message":"Dashboard endpoints: http://localhost:5000/api/dashboard","service":"consultora-idiomas","timestamp":"2025-11-20 15:51:10"}
{"level":"info","message":"Auditoría endpoints: http://localhost:5000/api/auditoria","service":"consultora-idiomas","timestamp":"2025-11-20 15:51:10"}
{"level":"info","message":"Cursos endpoints: http://localhost:5000/api/cursos","service":"consultora-idiomas","timestamp":"2025-11-20 15:51:10"}
{"level":"info","message":"Clases endpoints: http://localhost:5000/api/clases","service":"consultora-idiomas","timestamp":"2025-11-20 15:51:10"}
{"level":"info","message":"Financial endpoints: http://localhost:5000/api/cobros","service":"consultora-idiomas","timestamp":"2025-11-20 15:51:10"}
{"level":"info","message":"Connecting to MongoDB...","service":"consultora-idiomas","timestamp":"2025-11-20 15:51:19"}
{"level":"info","message":"MongoDB connected successfully","service":"consultora-idiomas","timestamp":"2025-11-20 15:51:20"}
{"level":"info","message":"Server running on port 5000","service":"consultora-idiomas","timestamp":"2025-11-20 15:51:20"}
{"level":"info","message":"Environment: development","service":"consultora-idiomas","timestamp":"2025-11-20 15:51:20"}
{"level":"info","message":"API URL: http://localhost:5000","service":"consultora-idiomas","timestamp":"2025-11-20 15:51:20"}
{"level":"info","message":"Auth endpoints: http://localhost:5000/api/auth","service":"consultora-idiomas","timestamp":"2025-11-20 15:51:20"}
{"level":"info","message":"Dashboard endpoints: http://localhost:5000/api/dashboard","service":"consultora-idiomas","timestamp":"2025-11-20 15:51:20"}
{"level":"info","message":"Auditoría endpoints: http://localhost:5000/api/auditoria","service":"consultora-idiomas","timestamp":"2025-11-20 15:51:20"}
{"level":"info","message":"Cursos endpoints: http://localhost:5000/api/cursos","service":"consultora-idiomas","timestamp":"2025-11-20 15:51:20"}
{"level":"info","message":"Clases endpoints: http://localhost:5000/api/clases","service":"consultora-idiomas","timestamp":"2025-11-20 15:51:20"}
{"level":"info","message":"Financial endpoints: http://localhost:5000/api/cobros","service":"consultora-idiomas","timestamp":"2025-11-20 15:51:20"}
{"level":"info","message":"Connecting to MongoDB...","service":"consultora-idiomas","timestamp":"2025-11-20 15:51:24"}
{"level":"info","message":"MongoDB connected successfully","service":"consultora-idiomas","timestamp":"2025-11-20 15:51:24"}
{"level":"info","message":"Server running on port 5000","service":"consultora-idiomas","timestamp":"2025-11-20 15:51:25"}
{"level":"info","message":"Environment: development","service":"consultora-idiomas","timestamp":"2025-11-20 15:51:25"}
{"level":"info","message":"API URL: http://localhost:5000","service":"consultora-idiomas","timestamp":"2025-11-20 15:51:25"}
{"level":"info","message":"Auth endpoints: http://localhost:5000/api/auth","service":"consultora-idiomas","timestamp":"2025-11-20 15:51:25"}
{"level":"info","message":"Dashboard endpoints: http://localhost:5000/api/dashboard","service":"consultora-idiomas","timestamp":"2025-11-20 15:51:25"}
{"level":"info","message":"Auditoría endpoints: http://localhost:5000/api/auditoria","service":"consultora-idiomas","timestamp":"2025-11-20 15:51:25"}
{"level":"info","message":"Cursos endpoints: http://localhost:5000/api/cursos","service":"consultora-idiomas","timestamp":"2025-11-20 15:51:25"}
{"level":"info","message":"Clases endpoints: http://localhost:5000/api/clases","service":"consultora-idiomas","timestamp":"2025-11-20 15:51:25"}
{"level":"info","message":"Financial endpoints: http://localhost:5000/api/cobros","service":"consultora-idiomas","timestamp":"2025-11-20 15:51:25"}
{"level":"info","message":"Connecting to MongoDB...","service":"consultora-idiomas","timestamp":"2025-11-20 15:51:28"}
{"level":"info","message":"MongoDB connected successfully","service":"consultora-idiomas","timestamp":"2025-11-20 15:51:29"}
{"level":"info","message":"Server running on port 5000","service":"consultora-idiomas","timestamp":"2025-11-20 15:51:29"}
{"level":"info","message":"Environment: development","service":"consultora-idiomas","timestamp":"2025-11-20 15:51:29"}
{"level":"info","message":"API URL: http://localhost:5000","service":"consultora-idiomas","timestamp":"2025-11-20 15:51:29"}
{"level":"info","message":"Auth endpoints: http://localhost:5000/api/auth","service":"consultora-idiomas","timestamp":"2025-11-20 15:51:29"}
{"level":"info","message":"Dashboard endpoints: http://localhost:5000/api/dashboard","service":"consultora-idiomas","timestamp":"2025-11-20 15:51:29"}
{"level":"info","message":"Auditoría endpoints: http://localhost:5000/api/auditoria","service":"consultora-idiomas","timestamp":"2025-11-20 15:51:29"}
{"level":"info","message":"Cursos endpoints: http://localhost:5000/api/cursos","service":"consultora-idiomas","timestamp":"2025-11-20 15:51:29"}
{"level":"info","message":"Clases endpoints: http://localhost:5000/api/clases","service":"consultora-idiomas","timestamp":"2025-11-20 15:51:29"}
{"level":"info","message":"Financial endpoints: http://localhost:5000/api/cobros","service":"consultora-idiomas","timestamp":"2025-11-20 15:51:29"}
{"level":"info","message":"Connecting to MongoDB...","service":"consultora-idiomas","timestamp":"2025-11-20 15:51:35"}
{"level":"info","message":"MongoDB connected successfully","service":"consultora-idiomas","timestamp":"2025-11-20 15:51:35"}
{"level":"info","message":"Server running on port 5000","service":"consultora-idiomas","timestamp":"2025-11-20 15:51:36"}
{"level":"info","message":"Environment: development","service":"consultora-idiomas","timestamp":"2025-11-20 15:51:36"}
{"level":"info","message":"API URL: http://localhost:5000","service":"consultora-idiomas","timestamp":"2025-11-20 15:51:36"}
{"level":"info","message":"Auth endpoints: http://localhost:5000/api/auth","service":"consultora-idiomas","timestamp":"2025-11-20 15:51:36"}
{"level":"info","message":"Dashboard endpoints: http://localhost:5000/api/dashboard","service":"consultora-idiomas","timestamp":"2025-11-20 15:51:36"}
{"level":"info","message":"Auditoría endpoints: http://localhost:5000/api/auditoria","service":"consultora-idiomas","timestamp":"2025-11-20 15:51:36"}
{"level":"info","message":"Cursos endpoints: http://localhost:5000/api/cursos","service":"consultora-idiomas","timestamp":"2025-11-20 15:51:36"}
{"level":"info","message":"Clases endpoints: http://localhost:5000/api/clases","service":"consultora-idiomas","timestamp":"2025-11-20 15:51:36"}
{"level":"info","message":"Financial endpoints: http://localhost:5000/api/cobros","service":"consultora-idiomas","timestamp":"2025-11-20 15:51:36"}
{"level":"info","message":"Connecting to MongoDB...","service":"consultora-idiomas","timestamp":"2025-11-20 15:51:42"}
{"level":"info","message":"MongoDB connected successfully","service":"consultora-idiomas","timestamp":"2025-11-20 15:51:43"}
{"level":"info","message":"Server running on port 5000","service":"consultora-idiomas","timestamp":"2025-11-20 15:51:43"}
{"level":"info","message":"Environment: development","service":"consultora-idiomas","timestamp":"2025-11-20 15:51:43"}
{"level":"info","message":"API URL: http://localhost:5000","service":"consultora-idiomas","timestamp":"2025-11-20 15:51:43"}
{"level":"info","message":"Auth endpoints: http://localhost:5000/api/auth","service":"consultora-idiomas","timestamp":"2025-11-20 15:51:43"}
{"level":"info","message":"Dashboard endpoints: http://localhost:5000/api/dashboard","service":"consultora-idiomas","timestamp":"2025-11-20 15:51:43"}
{"level":"info","message":"Auditoría endpoints: http://localhost:5000/api/auditoria","service":"consultora-idiomas","timestamp":"2025-11-20 15:51:43"}
{"level":"info","message":"Cursos endpoints: http://localhost:5000/api/cursos","service":"consultora-idiomas","timestamp":"2025-11-20 15:51:43"}
{"level":"info","message":"Clases endpoints: http://localhost:5000/api/clases","service":"consultora-idiomas","timestamp":"2025-11-20 15:51:43"}
{"level":"info","message":"Financial endpoints: http://localhost:5000/api/cobros","service":"consultora-idiomas","timestamp":"2025-11-20 15:51:43"}
{"level":"info","message":"Connecting to MongoDB...","service":"consultora-idiomas","timestamp":"2025-11-20 15:51:49"}
{"level":"info","message":"MongoDB connected successfully","service":"consultora-idiomas","timestamp":"2025-11-20 15:51:50"}
{"level":"info","message":"Server running on port 5000","service":"consultora-idiomas","timestamp":"2025-11-20 15:51:50"}
{"level":"info","message":"Environment: development","service":"consultora-idiomas","timestamp":"2025-11-20 15:51:50"}
{"level":"info","message":"API URL: http://localhost:5000","service":"consultora-idiomas","timestamp":"2025-11-20 15:51:50"}
{"level":"info","message":"Auth endpoints: http://localhost:5000/api/auth","service":"consultora-idiomas","timestamp":"2025-11-20 15:51:50"}
{"level":"info","message":"Dashboard endpoints: http://localhost:5000/api/dashboard","service":"consultora-idiomas","timestamp":"2025-11-20 15:51:50"}
{"level":"info","message":"Auditoría endpoints: http://localhost:5000/api/auditoria","service":"consultora-idiomas","timestamp":"2025-11-20 15:51:50"}
{"level":"info","message":"Cursos endpoints: http://localhost:5000/api/cursos","service":"consultora-idiomas","timestamp":"2025-11-20 15:51:50"}
{"level":"info","message":"Clases endpoints: http://localhost:5000/api/clases","service":"consultora-idiomas","timestamp":"2025-11-20 15:51:50"}
{"level":"info","message":"Financial endpoints: http://localhost:5000/api/cobros","service":"consultora-idiomas","timestamp":"2025-11-20 15:51:50"}
{"level":"info","message":"Connecting to MongoDB...","service":"consultora-idiomas","timestamp":"2025-11-20 15:52:31"}
{"level":"info","message":"MongoDB connected successfully","service":"consultora-idiomas","timestamp":"2025-11-20 15:52:32"}
